2023.05.20 15:27:08 INFO  Started: Metals version 0.11.12+32-09988e82-SNAPSHOT in folders '/home/legusie/Documents/GitHub/pwr-pdzb' for client Visual Studio Code 1.78.2.
May 20, 2023 3:27:08 PM org.flywaydb.core.internal.license.VersionPrinter printVersionOnly
INFO: Flyway Community Edition 9.17.0 by Redgate
May 20, 2023 3:27:08 PM org.flywaydb.core.internal.license.VersionPrinter printVersion
INFO: See release notes here: https://rd.gt/416ObMi
May 20, 2023 3:27:08 PM org.flywaydb.core.internal.license.VersionPrinter printVersion
INFO: 
May 20, 2023 3:27:08 PM org.flywaydb.core.internal.database.base.BaseDatabaseType createDatabase
INFO: Database: jdbc:h2:file:/home/legusie/Documents/GitHub/pwr-pdzb/.metals/metals (H2 2.1)
May 20, 2023 3:27:08 PM org.flywaydb.core.internal.schemahistory.JdbcTableSchemaHistory allAppliedMigrations
INFO: Schema history table "PUBLIC"."flyway_schema_history" does not exist yet
May 20, 2023 3:27:08 PM org.flywaydb.core.internal.command.DbValidate validate
INFO: Successfully validated 4 migrations (execution time 00:00.010s)
May 20, 2023 3:27:08 PM org.flywaydb.core.internal.schemahistory.JdbcTableSchemaHistory create
INFO: Creating Schema History table "PUBLIC"."flyway_schema_history" ...
May 20, 2023 3:27:08 PM org.flywaydb.core.internal.command.DbMigrate migrateGroup
INFO: Current version of schema "PUBLIC": << Empty Schema >>
May 20, 2023 3:27:08 PM org.flywaydb.core.internal.command.DbMigrate doMigrateGroup
INFO: Migrating schema "PUBLIC" to version "1 - Create tables"
May 20, 2023 3:27:08 PM org.flywaydb.core.internal.command.DbMigrate doMigrateGroup
INFO: Migrating schema "PUBLIC" to version "2 - Server discovery"
May 20, 2023 3:27:08 PM org.flywaydb.core.internal.command.DbMigrate doMigrateGroup
INFO: Migrating schema "PUBLIC" to version "3 - Jar symbols"
May 20, 2023 3:27:08 PM org.flywaydb.core.internal.command.DbMigrate doMigrateGroup
INFO: Migrating schema "PUBLIC" to version "4 - Fingerprints"
May 20, 2023 3:27:08 PM org.flywaydb.core.internal.command.DbMigrate logSummary
INFO: Successfully applied 4 migrations to schema "PUBLIC", now at version v4 (execution time 00:00.038s)
2023.05.20 15:27:09 INFO  time: initialize in 0.41s
2023.05.20 15:27:09 WARN  Build server is not auto-connectable.
2023.05.20 15:27:09 WARN  no build tool detected in workspace '/home/legusie/Documents/GitHub/pwr-pdzb'. The most common cause for this problem is that the editor was opened in the wrong working directory, for example if you use sbt then the workspace directory should contain build.sbt. 
2023.05.20 15:27:09 WARN  no build target for: /home/legusie/Documents/GitHub/pwr-pdzb/szkala/mapreduce/covid_03/src/main/scala/Main.scala
2023.05.20 15:27:09 WARN  no build target for: /home/legusie/Documents/GitHub/pwr-pdzb/szkala/mapreduce/covid_02/src/main/scala/Main.scala
2023.05.20 15:27:10 INFO  no build target found for /home/legusie/Documents/GitHub/pwr-pdzb/szkala/mapreduce/covid_03/src/main/scala/Main.scala. Using presentation compiler with project's scala-library version: 3.2.2
2023.05.20 15:27:11 INFO  time: code lens generation in 2s
2023.05.20 15:27:28 WARN  no build target for: /home/legusie/Documents/GitHub/pwr-pdzb/szkala/mapreduce/covid_03 copy/src/main/scala/Main.scala
2023.05.20 15:27:34 WARN  no build target for: /home/legusie/Documents/GitHub/pwr-pdzb/szkala/mapreduce/covid_03_single_reducer/src/main/scala/Main.scala
2023.05.20 15:27:38 WARN  no build target for: /home/legusie/Documents/GitHub/pwr-pdzb/szkala/mapreduce/build.sbt
Exception in thread "pool-3-thread-1" java.lang.Error: java.lang.InterruptedException
	at java.util.concurrent.ThreadPoolExecutor.runWorker(ThreadPoolExecutor.java:1155)
	at java.util.concurrent.ThreadPoolExecutor$Worker.run(ThreadPoolExecutor.java:624)
	at java.lang.Thread.run(Thread.java:750)
Caused by: java.lang.InterruptedException
	at scala.meta.internal.metals.FutureCancelToken.checkCanceled(FutureCancelToken.scala:29)
	at scala.meta.internal.pc.CompilerAccess.onCompilerJobQueue$$anonfun$1(CompilerAccess.scala:195)
	at scala.meta.internal.pc.CompilerJobQueue$Job.run(CompilerJobQueue.scala:152)
	at java.util.concurrent.ThreadPoolExecutor.runWorker(ThreadPoolExecutor.java:1149)
	... 2 more
2023.05.20 15:27:49 WARN  no build target for: /home/legusie/Documents/GitHub/pwr-pdzb/szkala/mapreduce/project/plugins.sbt
2023.05.20 15:27:49 WARN  no build target for: /home/legusie/Documents/GitHub/pwr-pdzb/szkala/data_converter/JsonlConverter/build.sbt
2023.05.20 15:27:49 WARN  no build target for: /home/legusie/Documents/GitHub/pwr-pdzb/szkala/mapreduce/covid_01/src/main/scala/Main.scala
2023.05.20 15:27:49 WARN  no build target for: /home/legusie/Documents/GitHub/pwr-pdzb/szkala/mapreduce/final_join/src/main/scala/Main.scala
2023.05.20 15:27:49 WARN  no build target for: /home/legusie/Documents/GitHub/pwr-pdzb/szkala/mapreduce/youtube_02/src/main/scala/Main.scala
2023.05.20 15:27:49 WARN  no build target for: /home/legusie/Documents/GitHub/pwr-pdzb/szkala/mapreduce/steam_02_choose/src/main/scala/Main.scala
2023.05.20 15:27:49 WARN  no build target for: /home/legusie/Documents/GitHub/pwr-pdzb/szkala/mapreduce/steam_03_takeN/src/main/scala/Main.scala
2023.05.20 15:27:49 WARN  no build target for: /home/legusie/Documents/GitHub/pwr-pdzb/szkala/mapreduce/shared/src/main/scala/HadoopJob.scala
2023.05.20 15:27:49 WARN  no build target for: /home/legusie/Documents/GitHub/pwr-pdzb/szkala/mapreduce/steam_05_merge_time/src/main/scala/Main.scala
2023.05.20 15:27:49 WARN  no build target for: /home/legusie/Documents/GitHub/pwr-pdzb/szkala/mapreduce/steam_04_fetch/src/main/scala/Main.scala
2023.05.20 15:27:49 WARN  no build target for: /home/legusie/Documents/GitHub/pwr-pdzb/szkala/mapreduce/steam_01_combine/src/main/scala/Main.scala
2023.05.20 15:27:49 WARN  no build target for: /home/legusie/Documents/GitHub/pwr-pdzb/szkala/mapreduce/steam_01_combine/src/main/scala/Test.scala
2023.05.20 15:27:49 WARN  no build target for: /home/legusie/Documents/GitHub/pwr-pdzb/szkala/mapreduce/steam_01_combine/src/main/scala/ConvertFiles.scala
2023.05.20 15:27:49 WARN  no build target for: /home/legusie/Documents/GitHub/pwr-pdzb/szkala/mapreduce/steam_01_combine/src/test/scala/SteamCombineTest.scala
2023.05.20 15:27:49 WARN  no build target for: /home/legusie/Documents/GitHub/pwr-pdzb/szkala/mapreduce/covid_02/src/main/scala/Main.scala
2023.05.20 15:27:49 WARN  no build target for: /home/legusie/Documents/GitHub/pwr-pdzb/szkala/mapreduce/youtube_01/src/main/scala/Main.scala
2023.05.20 15:27:49 WARN  no build target for: /home/legusie/Documents/GitHub/pwr-pdzb/szkala/mapreduce/steam_01_combine/src/main/scala/model/SteamJoinedRow.scala
2023.05.20 15:27:49 WARN  no build target for: /home/legusie/Documents/GitHub/pwr-pdzb/szkala/mapreduce/steam_01_combine/src/main/scala/model/SteamSpyRow.scala
2023.05.20 15:27:50 WARN  no build target for: /home/legusie/Documents/GitHub/pwr-pdzb/szkala/mapreduce/build.sbt
2023.05.20 15:27:52 WARN  no build target for: /home/legusie/Documents/GitHub/pwr-pdzb/szkala/mapreduce/build.sbt
May 20, 2023 3:27:55 PM org.eclipse.lsp4j.jsonrpc.RemoteEndpoint handleCancellation
WARNING: Unmatched cancel notification for request id 92
2023.05.20 15:27:56 WARN  no build target for: /home/legusie/Documents/GitHub/pwr-pdzb/szkala/mapreduce/build.sbt
2023.05.20 15:27:59 WARN  no build target for: /home/legusie/Documents/GitHub/pwr-pdzb/szkala/mapreduce/build.sbt
2023.05.20 15:28:04 WARN  no build target for: /home/legusie/Documents/GitHub/pwr-pdzb/szkala/mapreduce/build.sbt
2023.05.20 15:28:06 WARN  no build target for: /home/legusie/Documents/GitHub/pwr-pdzb/szkala/mapreduce/build.sbt
2023.05.20 15:28:17 WARN  no build target for: /home/legusie/Documents/GitHub/pwr-pdzb/szkala/mapreduce/steam_01_combine/src/main/scala/model/SteamStoreRow.scala
2023.05.20 15:28:18 WARN  no build target for: /home/legusie/Documents/GitHub/pwr-pdzb/szkala/mapreduce/covid_03_single_reducer/src/main/scala/Main.scala
2023.05.20 15:29:14 WARN  Using indexes to guess the definition of covid_03
2023.05.20 15:29:14 WARN  Using indexes to guess the definition of covid_03
2023.05.20 15:29:16 WARN  no build target for: /home/legusie/Documents/GitHub/pwr-pdzb/szkala/mapreduce/build.sbt
2023.05.20 15:29:17 WARN  no build target for: /home/legusie/Documents/GitHub/pwr-pdzb/szkala/mapreduce/build.sbt
May 20, 2023 6:44:12 PM org.eclipse.lsp4j.jsonrpc.services.GenericEndpoint notify
INFO: Unsupported notification method: $/setTrace
May 20, 2023 6:44:13 PM org.eclipse.lsp4j.jsonrpc.services.GenericEndpoint notify
INFO: Unsupported notification method: $/setTrace
May 20, 2023 6:46:03 PM org.eclipse.lsp4j.jsonrpc.services.GenericEndpoint notify
INFO: Unsupported notification method: $/setTrace
May 20, 2023 6:46:10 PM org.eclipse.lsp4j.jsonrpc.services.GenericEndpoint notify
INFO: Unsupported notification method: $/setTrace
2023.05.20 18:47:52 WARN  no build target for: /home/legusie/Documents/GitHub/pwr-pdzb/szkala/mapreduce/covid_01/src/main/scala/Main.scala
May 20, 2023 6:48:21 PM org.eclipse.lsp4j.jsonrpc.RemoteEndpoint handleCancellation
WARNING: Unmatched cancel notification for request id 259
2023.05.22 16:40:40 INFO  Started: Metals version 0.11.12+32-09988e82-SNAPSHOT in folders '/home/legusie/Documents/GitHub/pwr-pdzb' for client Visual Studio Code 1.78.2.
May 22, 2023 4:40:40 PM org.flywaydb.core.internal.license.VersionPrinter printVersionOnly
INFO: Flyway Community Edition 9.17.0 by Redgate
May 22, 2023 4:40:40 PM org.flywaydb.core.internal.license.VersionPrinter printVersion
INFO: See release notes here: https://rd.gt/416ObMi
May 22, 2023 4:40:40 PM org.flywaydb.core.internal.license.VersionPrinter printVersion
INFO: 
May 22, 2023 4:40:41 PM org.flywaydb.core.internal.database.base.BaseDatabaseType createDatabase
INFO: Database: jdbc:h2:file:/home/legusie/Documents/GitHub/pwr-pdzb/.metals/metals (H2 2.1)
May 22, 2023 4:40:41 PM org.flywaydb.core.internal.command.DbValidate validate
INFO: Successfully validated 4 migrations (execution time 00:00.011s)
May 22, 2023 4:40:41 PM org.flywaydb.core.internal.command.DbMigrate migrateGroup
INFO: Current version of schema "PUBLIC": 4
May 22, 2023 4:40:41 PM org.flywaydb.core.internal.command.DbMigrate logSummary
INFO: Schema "PUBLIC" is up to date. No migration necessary.
2023.05.22 16:40:41 INFO  time: initialize in 0.4s
2023.05.22 16:40:41 WARN  Build server is not auto-connectable.
2023.05.22 16:40:41 WARN  no build tool detected in workspace '/home/legusie/Documents/GitHub/pwr-pdzb'. The most common cause for this problem is that the editor was opened in the wrong working directory, for example if you use sbt then the workspace directory should contain build.sbt. 
2023.05.22 16:40:41 WARN  no build target for: /home/legusie/Documents/GitHub/pwr-pdzb/szkala/mapreduce/covid_03/src/main/scala/Main.scala
2023.05.22 16:40:44 INFO  no build target found for /home/legusie/Documents/GitHub/pwr-pdzb/szkala/mapreduce/covid_03/src/main/scala/Main.scala. Using presentation compiler with project's scala-library version: 3.2.2
2023.05.22 16:40:46 INFO  time: code lens generation in 4.43s
2023.05.22 16:40:46 INFO  time: code lens generation in 3.53s
2023.05.22 16:48:28 INFO  Shutting down server
2023.05.22 16:48:28 INFO  shutting down Metals
2023.05.22 16:48:28 INFO  Exiting server
2023.05.25 16:03:59 INFO  Started: Metals version 0.11.12+32-09988e82-SNAPSHOT in folders '/home/legusie/Documents/GitHub/pwr-pdzb' for client Visual Studio Code 1.78.2.
May 25, 2023 4:04:00 PM org.flywaydb.core.internal.license.VersionPrinter printVersionOnly
INFO: Flyway Community Edition 9.17.0 by Redgate
May 25, 2023 4:04:00 PM org.flywaydb.core.internal.license.VersionPrinter printVersion
INFO: See release notes here: https://rd.gt/416ObMi
May 25, 2023 4:04:00 PM org.flywaydb.core.internal.license.VersionPrinter printVersion
INFO: 
May 25, 2023 4:04:00 PM org.flywaydb.core.internal.database.base.BaseDatabaseType createDatabase
INFO: Database: jdbc:h2:file:/home/legusie/Documents/GitHub/pwr-pdzb/.metals/metals (H2 2.1)
May 25, 2023 4:04:00 PM org.flywaydb.core.internal.command.DbValidate validate
INFO: Successfully validated 4 migrations (execution time 00:00.015s)
May 25, 2023 4:04:00 PM org.flywaydb.core.internal.command.DbMigrate migrateGroup
INFO: Current version of schema "PUBLIC": 4
May 25, 2023 4:04:00 PM org.flywaydb.core.internal.command.DbMigrate logSummary
INFO: Schema "PUBLIC" is up to date. No migration necessary.
2023.05.25 16:04:00 INFO  time: initialize in 0.42s
2023.05.25 16:04:00 WARN  Build server is not auto-connectable.
2023.05.25 16:04:00 WARN  no build tool detected in workspace '/home/legusie/Documents/GitHub/pwr-pdzb'. The most common cause for this problem is that the editor was opened in the wrong working directory, for example if you use sbt then the workspace directory should contain build.sbt. 
2023.05.25 16:04:00 WARN  no build target for: /home/legusie/Documents/GitHub/pwr-pdzb/szkala/mapreduce/covid_03/src/main/scala/Main.scala
2023.05.25 16:04:03 INFO  no build target found for /home/legusie/Documents/GitHub/pwr-pdzb/szkala/mapreduce/covid_03/src/main/scala/Main.scala. Using presentation compiler with project's scala-library version: 3.2.2
2023.05.25 16:04:05 INFO  time: code lens generation in 4.18s
2023.06.01 18:05:15 INFO  Started: Metals version 0.11.12+91-8ed12f69-SNAPSHOT in folders '/home/legusie/Documents/GitHub/pwr-pdzb' for client Visual Studio Code 1.78.2.[0m
Jun 01, 2023 6:05:15 PM org.flywaydb.core.internal.license.VersionPrinter printVersionOnly
INFO: Flyway Community Edition 9.19.1 by Redgate
Jun 01, 2023 6:05:15 PM org.flywaydb.core.internal.license.VersionPrinter printVersion
INFO: See release notes here: https://rd.gt/416ObMi
Jun 01, 2023 6:05:15 PM org.flywaydb.core.internal.license.VersionPrinter printVersion
INFO: 
Jun 01, 2023 6:05:15 PM org.flywaydb.core.internal.database.base.BaseDatabaseType createDatabase
INFO: Database: jdbc:h2:file:/home/legusie/Documents/GitHub/pwr-pdzb/.metals/metals (H2 2.1)
Jun 01, 2023 6:05:15 PM org.flywaydb.core.internal.command.DbValidate validate
INFO: Successfully validated 4 migrations (execution time 00:00.013s)
Jun 01, 2023 6:05:15 PM org.flywaydb.core.internal.command.DbMigrate migrateGroup
INFO: Current version of schema "PUBLIC": 4
Jun 01, 2023 6:05:15 PM org.flywaydb.core.internal.command.DbMigrate logSummary
INFO: Schema "PUBLIC" is up to date. No migration necessary.
2023.06.01 18:05:15 INFO  time: initialize in 0.35s[0m
2023.06.01 18:05:16 WARN  Build server is not auto-connectable.[0m
2023.06.01 18:05:16 WARN  no build tool detected in workspace '/home/legusie/Documents/GitHub/pwr-pdzb'. The most common cause for this problem is that the editor was opened in the wrong working directory, for example if you use sbt then the workspace directory should contain build.sbt. [0m
2023.06.01 18:05:16 WARN  no build target for: /home/legusie/Documents/GitHub/pwr-pdzb/szkala/mapreduce/build.sbt[0m
2023.06.01 18:05:18 INFO  no build target found for /home/legusie/Documents/GitHub/pwr-pdzb/szkala/mapreduce/build.sbt. Using presentation compiler with project's scala-library version: 3.3.0[0m
Jun 01, 2023 6:05:18 PM org.eclipse.lsp4j.jsonrpc.RemoteEndpoint handleCancellation
WARNING: Unmatched cancel notification for request id 2
Jun 01, 2023 6:05:18 PM org.eclipse.lsp4j.jsonrpc.RemoteEndpoint handleCancellation
WARNING: Unmatched cancel notification for request id 7
2023.06.01 18:05:27 WARN  no build target for: /home/legusie/Documents/GitHub/pwr-pdzb/szkala/mapreduce/project/plugins.sbt[0m
2023.06.01 18:06:10 WARN  no build target for: /home/legusie/Documents/GitHub/pwr-pdzb/szkala/mapreduce/build.sbt[0m
Jun 01, 2023 6:08:57 PM org.eclipse.lsp4j.jsonrpc.RemoteEndpoint handleCancellation
WARNING: Unmatched cancel notification for request id 42
2023.06.01 18:26:35 INFO  Shutting down server[0m
2023.06.01 18:26:35 INFO  shutting down Metals[0m
2023.06.01 18:26:35 INFO  Exiting server[0m
2023.06.02 17:14:48 INFO  Started: Metals version 0.11.12+91-8ed12f69-SNAPSHOT in folders '/home/legusie/Documents/GitHub/pwr-pdzb' for client Visual Studio Code 1.78.2.
Jun 02, 2023 5:14:48 PM org.flywaydb.core.internal.license.VersionPrinter printVersionOnly
INFO: Flyway Community Edition 9.19.1 by Redgate
Jun 02, 2023 5:14:48 PM org.flywaydb.core.internal.license.VersionPrinter printVersion
INFO: See release notes here: https://rd.gt/416ObMi
Jun 02, 2023 5:14:48 PM org.flywaydb.core.internal.license.VersionPrinter printVersion
INFO: 
Jun 02, 2023 5:14:49 PM org.flywaydb.core.internal.database.base.BaseDatabaseType createDatabase
INFO: Database: jdbc:h2:file:/home/legusie/Documents/GitHub/pwr-pdzb/.metals/metals (H2 2.1)
Jun 02, 2023 5:14:49 PM org.flywaydb.core.internal.command.DbValidate validate
INFO: Successfully validated 4 migrations (execution time 00:00.013s)
Jun 02, 2023 5:14:49 PM org.flywaydb.core.internal.command.DbMigrate migrateGroup
INFO: Current version of schema "PUBLIC": 4
Jun 02, 2023 5:14:49 PM org.flywaydb.core.internal.command.DbMigrate logSummary
INFO: Schema "PUBLIC" is up to date. No migration necessary.
2023.06.02 17:14:49 INFO  time: initialize in 0.38s
2023.06.02 17:14:50 WARN  Build server is not auto-connectable.
2023.06.02 17:14:50 WARN  no build tool detected in workspace '/home/legusie/Documents/GitHub/pwr-pdzb'. The most common cause for this problem is that the editor was opened in the wrong working directory, for example if you use sbt then the workspace directory should contain build.sbt. 
2023.06.02 17:14:50 WARN  no build target for: /home/legusie/Documents/GitHub/pwr-pdzb/szkala/mapreduce/build.sbt
2023.06.02 17:14:53 INFO  no build target found for /home/legusie/Documents/GitHub/pwr-pdzb/szkala/mapreduce/build.sbt. Using presentation compiler with project's scala-library version: 3.3.0
2023.06.02 17:14:53 INFO  time: code lens generation in 4.32s
Jun 02, 2023 5:14:58 PM org.eclipse.lsp4j.jsonrpc.services.GenericEndpoint notify
INFO: Unsupported notification method: $/setTrace
2023.06.02 17:14:59 INFO  Shutting down server
2023.06.02 17:14:59 INFO  shutting down Metals
2023.06.02 17:14:59 INFO  Exiting server
2023.06.02 17:15:12 INFO  Started: Metals version 0.11.12+96-4a67b645-SNAPSHOT in folders '/home/legusie/Documents/GitHub/pwr-pdzb' for client Visual Studio Code 1.78.2.
Jun 02, 2023 5:15:12 PM org.flywaydb.core.internal.license.VersionPrinter printVersionOnly
INFO: Flyway Community Edition 9.19.1 by Redgate
Jun 02, 2023 5:15:12 PM org.flywaydb.core.internal.license.VersionPrinter printVersion
INFO: See release notes here: https://rd.gt/416ObMi
Jun 02, 2023 5:15:12 PM org.flywaydb.core.internal.license.VersionPrinter printVersion
INFO: 
Jun 02, 2023 5:15:12 PM org.flywaydb.core.internal.database.base.BaseDatabaseType createDatabase
INFO: Database: jdbc:h2:file:/home/legusie/Documents/GitHub/pwr-pdzb/.metals/metals (H2 2.1)
Jun 02, 2023 5:15:12 PM org.flywaydb.core.internal.command.DbValidate validate
INFO: Successfully validated 4 migrations (execution time 00:00.011s)
Jun 02, 2023 5:15:12 PM org.flywaydb.core.internal.command.DbMigrate migrateGroup
INFO: Current version of schema "PUBLIC": 4
Jun 02, 2023 5:15:12 PM org.flywaydb.core.internal.command.DbMigrate logSummary
INFO: Schema "PUBLIC" is up to date. No migration necessary.
2023.06.02 17:15:12 INFO  time: initialize in 0.3s
2023.06.02 17:15:13 WARN  Build server is not auto-connectable.
2023.06.02 17:15:13 WARN  no build tool detected in workspace '/home/legusie/Documents/GitHub/pwr-pdzb'. The most common cause for this problem is that the editor was opened in the wrong working directory, for example if you use sbt then the workspace directory should contain build.sbt. 
2023.06.02 17:15:13 WARN  no build target for: /home/legusie/Documents/GitHub/pwr-pdzb/szkala/mapreduce/build.sbt
2023.06.02 17:15:17 INFO  no build target found for /home/legusie/Documents/GitHub/pwr-pdzb/szkala/mapreduce/build.sbt. Using presentation compiler with project's scala-library version: 3.3.0
2023.06.02 17:27:48 WARN  no build target for: /home/legusie/Documents/GitHub/pwr-pdzb/szkala/mapreduce/covid_01/src/main/scala/Main.scala
2023.06.02 17:27:55 WARN  no build target for: /home/legusie/Documents/GitHub/pwr-pdzb/szkala/mapreduce/covid_02/src/main/scala/Main.scala
2023.06.02 17:28:05 WARN  no build target for: /home/legusie/Documents/GitHub/pwr-pdzb/szkala/mapreduce/covid_03/src/main/scala/Main.scala
2023.06.02 17:28:10 WARN  no build target for: /home/legusie/Documents/GitHub/pwr-pdzb/szkala/mapreduce/covid_01/src/main/scala/Main.scala
2023.06.02 17:28:12 WARN  no build target for: /home/legusie/Documents/GitHub/pwr-pdzb/szkala/mapreduce/covid_02/src/main/scala/Main.scala
2023.06.02 17:28:15 WARN  no build target for: /home/legusie/Documents/GitHub/pwr-pdzb/szkala/mapreduce/covid_03/src/main/scala/Main.scala
2023.06.02 17:28:35 WARN  no build target for: /home/legusie/Documents/GitHub/pwr-pdzb/szkala/mapreduce/steam_01_combine/src/main/scala/ConvertFiles.scala
2023.06.02 17:28:51 WARN  no build target for: /home/legusie/Documents/GitHub/pwr-pdzb/szkala/mapreduce/steam_01_combine/src/main/scala/Main.scala
Jun 02, 2023 5:33:43 PM org.eclipse.lsp4j.jsonrpc.RemoteEndpoint handleCancellation
WARNING: Unmatched cancel notification for request id 115
2023.06.02 17:33:48 WARN  no build target for: /home/legusie/Documents/GitHub/pwr-pdzb/szkala/mapreduce/steam_01_combine/src/main/scala/model/SteamJoinedRow.scala
2023.06.02 17:34:16 WARN  no build target for: /home/legusie/Documents/GitHub/pwr-pdzb/szkala/mapreduce/steam_01_combine/src/main/scala/model/SteamSpyRow.scala
2023.06.02 17:34:19 WARN  no build target for: /home/legusie/Documents/GitHub/pwr-pdzb/szkala/mapreduce/steam_01_combine/src/main/scala/model/SteamJoinedRow.scala
2023.06.02 17:52:29 WARN  no build target for: /home/legusie/Documents/GitHub/pwr-pdzb/szkala/mapreduce/steam_01_combine/src/main/scala/model/SteamJoinedRow.scala
2023.06.02 17:52:31 WARN  no build target for: /home/legusie/Documents/GitHub/pwr-pdzb/szkala/mapreduce/steam_01_combine/src/main/scala/model/SteamSpyRow.scala
2023.06.02 17:52:33 WARN  no build target for: /home/legusie/Documents/GitHub/pwr-pdzb/szkala/mapreduce/steam_01_combine/src/main/scala/model/SteamStoreRow.scala
2023.06.02 17:52:55 WARN  no build target for: /home/legusie/Documents/GitHub/pwr-pdzb/szkala/mapreduce/steam_01_combine/src/main/scala/model/SteamStoreRow.scala
2023.06.02 17:52:55 WARN  no build target for: /home/legusie/Documents/GitHub/pwr-pdzb/szkala/mapreduce/steam_01_combine/src/main/scala/model/SteamStoreRow.scala
2023.06.02 17:53:12 WARN  no build target for: /home/legusie/Documents/GitHub/pwr-pdzb/szkala/mapreduce/steam_01_combine/src/main/scala/model/SteamStoreRow.scala
2023.06.02 17:53:15 WARN  no build target for: /home/legusie/Documents/GitHub/pwr-pdzb/szkala/mapreduce/steam_01_combine/src/main/scala/model/SteamStoreRow.scala
Jun 02, 2023 5:53:15 PM org.eclipse.lsp4j.jsonrpc.RemoteEndpoint handleCancellation
WARNING: Unmatched cancel notification for request id 195
2023.06.02 17:53:15 WARN  no build target for: /home/legusie/Documents/GitHub/pwr-pdzb/szkala/mapreduce/steam_01_combine/src/main/scala/model/SteamStoreRow.scala
2023.06.02 17:53:15 WARN  no build target for: /home/legusie/Documents/GitHub/pwr-pdzb/szkala/mapreduce/steam_01_combine/src/main/scala/model/SteamStoreRow.scala
2023.06.02 17:54:02 WARN  no build target for: /home/legusie/Documents/GitHub/pwr-pdzb/szkala/mapreduce/steam_01_combine/src/main/scala/model/SteamStoreRow.scala
2023.06.02 17:54:02 WARN  no build target for: /home/legusie/Documents/GitHub/pwr-pdzb/szkala/mapreduce/steam_01_combine/src/main/scala/model/SteamStoreRow.scala
2023.06.02 17:54:06 WARN  no build target for: /home/legusie/Documents/GitHub/pwr-pdzb/szkala/mapreduce/steam_01_combine/src/main/scala/model/SteamStoreRow.scala
2023.06.02 18:12:42 WARN  no build target for: /home/legusie/Documents/GitHub/pwr-pdzb/szkala/mapreduce/steam_01_combine/src/main/scala/model/SteamSpyRow.scala
2023.06.02 18:12:42 WARN  no build target for: /home/legusie/Documents/GitHub/pwr-pdzb/szkala/mapreduce/steam_01_combine/src/main/scala/model/SteamSpyRow.scala
2023.06.02 18:12:57 WARN  no build target for: /home/legusie/Documents/GitHub/pwr-pdzb/szkala/mapreduce/steam_01_combine/src/main/scala/model/SteamSpyRow.scala
2023.06.02 18:12:57 WARN  no build target for: /home/legusie/Documents/GitHub/pwr-pdzb/szkala/mapreduce/steam_01_combine/src/main/scala/model/SteamSpyRow.scala
2023.06.02 18:12:57 WARN  no build target for: /home/legusie/Documents/GitHub/pwr-pdzb/szkala/mapreduce/steam_01_combine/src/main/scala/model/SteamSpyRow.scala
2023.06.02 18:12:57 WARN  no build target for: /home/legusie/Documents/GitHub/pwr-pdzb/szkala/mapreduce/steam_01_combine/src/main/scala/model/SteamSpyRow.scala
2023.06.02 18:15:05 WARN  no build target for: /home/legusie/Documents/GitHub/pwr-pdzb/szkala/mapreduce/steam_01_combine/src/main/scala/model/SteamSpyRow.scala
2023.06.02 18:15:05 WARN  no build target for: /home/legusie/Documents/GitHub/pwr-pdzb/szkala/mapreduce/steam_01_combine/src/main/scala/model/SteamSpyRow.scala
2023.06.02 18:15:08 WARN  no build target for: /home/legusie/Documents/GitHub/pwr-pdzb/szkala/mapreduce/steam_01_combine/src/main/scala/model/SteamSpyRow.scala
2023.06.02 18:15:29 WARN  no build target for: /home/legusie/Documents/GitHub/pwr-pdzb/szkala/mapreduce/steam_01_combine/src/main/scala/model/SteamSpyRow.scala
2023.06.02 18:15:32 WARN  no build target for: /home/legusie/Documents/GitHub/pwr-pdzb/szkala/mapreduce/steam_01_combine/src/main/scala/model/SteamSpyRow.scala
2023.06.02 18:15:32 WARN  no build target for: /home/legusie/Documents/GitHub/pwr-pdzb/szkala/mapreduce/steam_01_combine/src/main/scala/model/SteamSpyRow.scala
2023.06.02 18:15:36 WARN  no build target for: /home/legusie/Documents/GitHub/pwr-pdzb/szkala/mapreduce/steam_01_combine/src/main/scala/model/SteamSpyRow.scala
2023.06.02 18:15:45 WARN  no build target for: /home/legusie/Documents/GitHub/pwr-pdzb/szkala/mapreduce/steam_01_combine/src/main/scala/model/SteamSpyRow.scala
2023.06.02 18:15:45 WARN  no build target for: /home/legusie/Documents/GitHub/pwr-pdzb/szkala/mapreduce/steam_01_combine/src/main/scala/model/SteamSpyRow.scala
2023.06.02 18:15:49 WARN  no build target for: /home/legusie/Documents/GitHub/pwr-pdzb/szkala/mapreduce/steam_01_combine/src/main/scala/model/SteamSpyRow.scala
2023.06.02 18:15:49 WARN  no build target for: /home/legusie/Documents/GitHub/pwr-pdzb/szkala/mapreduce/steam_01_combine/src/main/scala/model/SteamSpyRow.scala
2023.06.02 18:15:49 WARN  no build target for: /home/legusie/Documents/GitHub/pwr-pdzb/szkala/mapreduce/steam_01_combine/src/main/scala/model/SteamSpyRow.scala
2023.06.02 18:33:44 WARN  no build target for: /home/legusie/Documents/GitHub/pwr-pdzb/szkala/mapreduce/steam_02_choose/src/main/scala/Main.scala
2023.06.03 20:28:50 INFO  Started: Metals version 0.11.12+96-4a67b645-SNAPSHOT in folders '/home/legusie/Documents/GitHub/pwr-pdzb' for client Visual Studio Code 1.78.2.
Jun 03, 2023 8:28:50 PM org.flywaydb.core.internal.license.VersionPrinter printVersionOnly
INFO: Flyway Community Edition 9.19.1 by Redgate
Jun 03, 2023 8:28:50 PM org.flywaydb.core.internal.license.VersionPrinter printVersion
INFO: See release notes here: https://rd.gt/416ObMi
Jun 03, 2023 8:28:50 PM org.flywaydb.core.internal.license.VersionPrinter printVersion
INFO: 
Jun 03, 2023 8:28:51 PM org.flywaydb.core.internal.database.base.BaseDatabaseType createDatabase
INFO: Database: jdbc:h2:file:/home/legusie/Documents/GitHub/pwr-pdzb/.metals/metals (H2 2.1)
Jun 03, 2023 8:28:51 PM org.flywaydb.core.internal.command.DbValidate validate
INFO: Successfully validated 4 migrations (execution time 00:00.014s)
Jun 03, 2023 8:28:51 PM org.flywaydb.core.internal.command.DbMigrate migrateGroup
INFO: Current version of schema "PUBLIC": 4
Jun 03, 2023 8:28:51 PM org.flywaydb.core.internal.command.DbMigrate logSummary
INFO: Schema "PUBLIC" is up to date. No migration necessary.
2023.06.03 20:28:51 INFO  time: initialize in 0.39s
2023.06.03 20:28:52 WARN  Build server is not auto-connectable.
2023.06.03 20:28:52 WARN  no build tool detected in workspace '/home/legusie/Documents/GitHub/pwr-pdzb'. The most common cause for this problem is that the editor was opened in the wrong working directory, for example if you use sbt then the workspace directory should contain build.sbt. 
2023.06.03 20:28:52 WARN  no build target for: /home/legusie/Documents/GitHub/pwr-pdzb/szkala/mapreduce/steam_01_combine/src/main/scala/model/SteamJoinedRow.scala
2023.06.03 20:28:55 INFO  no build target found for /home/legusie/Documents/GitHub/pwr-pdzb/szkala/mapreduce/steam_01_combine/src/main/scala/model/SteamJoinedRow.scala. Using presentation compiler with project's scala-library version: 3.3.0
2023.06.03 20:28:56 INFO  time: code lens generation in 4.42s
Jun 03, 2023 8:28:57 PM org.eclipse.lsp4j.jsonrpc.RemoteEndpoint handleCancellation
WARNING: Unmatched cancel notification for request id 6
2023.06.03 21:15:06 INFO  Shutting down server
2023.06.03 21:15:06 INFO  shutting down Metals
2023.06.03 21:15:06 INFO  Exiting server
2023.06.05 15:49:23 INFO  Started: Metals version 0.11.12+96-4a67b645-SNAPSHOT in folders '/home/legusie/Documents/GitHub/pwr-pdzb' for client Visual Studio Code 1.78.2.
Jun 05, 2023 3:49:23 PM org.flywaydb.core.internal.license.VersionPrinter printVersionOnly
INFO: Flyway Community Edition 9.19.1 by Redgate
Jun 05, 2023 3:49:23 PM org.flywaydb.core.internal.license.VersionPrinter printVersion
INFO: See release notes here: https://rd.gt/416ObMi
Jun 05, 2023 3:49:23 PM org.flywaydb.core.internal.license.VersionPrinter printVersion
INFO: 
Jun 05, 2023 3:49:23 PM org.flywaydb.core.internal.database.base.BaseDatabaseType createDatabase
INFO: Database: jdbc:h2:file:/home/legusie/Documents/GitHub/pwr-pdzb/.metals/metals (H2 2.1)
Jun 05, 2023 3:49:23 PM org.flywaydb.core.internal.command.DbValidate validate
INFO: Successfully validated 4 migrations (execution time 00:00.016s)
Jun 05, 2023 3:49:23 PM org.flywaydb.core.internal.command.DbMigrate migrateGroup
INFO: Current version of schema "PUBLIC": 4
Jun 05, 2023 3:49:23 PM org.flywaydb.core.internal.command.DbMigrate logSummary
INFO: Schema "PUBLIC" is up to date. No migration necessary.
2023.06.05 15:49:24 INFO  time: initialize in 0.4s
2023.06.05 15:49:24 WARN  Build server is not auto-connectable.
2023.06.05 15:49:24 WARN  no build tool detected in workspace '/home/legusie/Documents/GitHub/pwr-pdzb'. The most common cause for this problem is that the editor was opened in the wrong working directory, for example if you use sbt then the workspace directory should contain build.sbt. 
2023.06.05 15:49:24 WARN  no build target for: /home/legusie/Documents/GitHub/pwr-pdzb/szkala/mapreduce/steam_01_combine/src/main/scala/model/SteamJoinedRow.scala
Jun 05, 2023 3:49:25 PM org.eclipse.lsp4j.jsonrpc.RemoteEndpoint handleCancellation
WARNING: Unmatched cancel notification for request id 2
2023.06.05 15:49:32 INFO  no build target found for /home/legusie/Documents/GitHub/pwr-pdzb/szkala/mapreduce/steam_01_combine/src/main/scala/model/SteamJoinedRow.scala. Using presentation compiler with project's scala-library version: 3.3.0
2023.06.05 15:49:33 INFO  time: code lens generation in 8.29s
2023.06.05 15:49:33 INFO  time: code lens generation in 8.3s
2023.06.05 15:49:54 WARN  no build target for: /home/legusie/Documents/GitHub/pwr-pdzb/szkala/mapreduce/steam_01_combine/src/main/scala/model/SteamSpyRow.scala
2023.06.05 16:00:56 WARN  no build target for: /home/legusie/Documents/GitHub/pwr-pdzb/szkala/mapreduce/covid_01/src/main/scala/Main.scala
2023.06.05 16:01:02 WARN  no build target for: /home/legusie/Documents/GitHub/pwr-pdzb/szkala/mapreduce/shared/src/main/scala/HadoopJob.scala
Jun 05, 2023 4:02:21 PM org.eclipse.lsp4j.jsonrpc.RemoteEndpoint handleCancellation
WARNING: Unmatched cancel notification for request id 88
2023.06.05 16:02:45 WARN  no build target for: /home/legusie/Documents/GitHub/pwr-pdzb/szkala/mapreduce/covid_01/src/main/scala/Main.scala
Jun 05, 2023 4:02:46 PM org.eclipse.lsp4j.jsonrpc.RemoteEndpoint handleCancellation
WARNING: Unmatched cancel notification for request id 100
2023.06.17 15:34:30 INFO  Started: Metals version 0.11.12+123-68e76634-SNAPSHOT in folders '/home/legusie/Documents/GitHub/pwr-pdzb' for client Visual Studio Code 1.79.0.
Jun 17, 2023 3:34:30 PM org.flywaydb.core.internal.command.DbValidate validate
INFO: Successfully validated 4 migrations (execution time 00:00.013s)
Jun 17, 2023 3:34:30 PM org.flywaydb.core.internal.command.DbMigrate migrateGroup
INFO: Current version of schema "PUBLIC": 4
Jun 17, 2023 3:34:30 PM org.flywaydb.core.internal.command.DbMigrate logSummary
INFO: Schema "PUBLIC" is up to date. No migration necessary.
2023.06.17 15:34:30 INFO  time: initialize in 0.37s
2023.06.17 15:34:31 WARN  Build server is not auto-connectable.
2023.06.17 15:34:31 WARN  no build tool detected in workspace '/home/legusie/Documents/GitHub/pwr-pdzb'. The most common cause for this problem is that the editor was opened in the wrong working directory, for example if you use sbt then the workspace directory should contain build.sbt. 
2023.06.17 15:34:30 WARN  no build target for: /home/legusie/Documents/GitHub/pwr-pdzb/szkala/mapreduce/build.sbt
2023.06.17 15:34:31 INFO  no build target found for /home/legusie/Documents/GitHub/pwr-pdzb/szkala/mapreduce/build.sbt. Using presentation compiler with project's scala-library version: 3.3.0
2023.06.17 18:20:22 WARN  no build target for: /home/legusie/Documents/GitHub/pwr-pdzb/szkala/mapreduce/covid_01/src/main/scala/Main.scala
Jun 17, 2023 6:20:23 PM org.eclipse.lsp4j.jsonrpc.RemoteEndpoint handleCancellation
WARNING: Unmatched cancel notification for request id 11
Jun 17, 2023 6:21:49 PM org.eclipse.lsp4j.jsonrpc.services.GenericEndpoint notify
INFO: Unsupported notification method: $/setTrace
2023.06.17 18:29:53 WARN  no build target for: /home/legusie/Documents/GitHub/pwr-pdzb/szkala/mapreduce/covid_01/src/main/scala/Main.scala
2023.06.17 18:29:57 WARN  no build target for: /home/legusie/Documents/GitHub/pwr-pdzb/szkala/mapreduce/covid_02/src/main/scala/Main.scala
2023.06.17 18:30:35 WARN  no build target for: /home/legusie/Documents/GitHub/pwr-pdzb/szkala/mapreduce/steam_01_combine/src/main/scala/ConvertFiles.scala
2023.06.17 18:30:36 WARN  no build target for: /home/legusie/Documents/GitHub/pwr-pdzb/szkala/mapreduce/steam_01_combine/src/main/scala/Main.scala
2023.06.17 18:30:37 WARN  no build target for: /home/legusie/Documents/GitHub/pwr-pdzb/szkala/mapreduce/steam_01_combine/src/main/scala/Test.scala
2023.06.17 18:30:39 WARN  no build target for: /home/legusie/Documents/GitHub/pwr-pdzb/szkala/mapreduce/steam_01_combine/src/main/scala/Main.scala
2023.06.17 18:30:44 WARN  no build target for: /home/legusie/Documents/GitHub/pwr-pdzb/szkala/mapreduce/steam_01_combine/src/main/scala/model/SteamJoinedRow.scala
2023.06.17 18:30:54 WARN  no build target for: /home/legusie/Documents/GitHub/pwr-pdzb/szkala/mapreduce/steam_01_combine/src/main/scala/model/SteamSpyRow.scala
2023.06.17 18:33:10 WARN  no build target for: /home/legusie/Documents/GitHub/pwr-pdzb/szkala/mapreduce/steam_01_combine/src/main/scala/Main.scala
2023.06.17 18:50:25 WARN  no build target for: /home/legusie/Documents/GitHub/pwr-pdzb/szkala/mapreduce/steam_02_choose/src/main/scala/Main.scala
2023.06.17 20:13:23 INFO  Shutting down server
2023.06.17 20:13:23 INFO  shutting down Metals
2023.06.17 20:13:23 INFO  Exiting server
